20241113	19:24:57	GET	/	undefined
20241114	07:00:05	GET	/user	undefined
20241114	07:03:37	POST	/user	undefined
20241114	07:06:24	POST	/user	undefined
20241114	07:07:46	PATCH	/user	undefined
20241114	07:13:09	PATCH	/user	undefined
20241114	07:22:09	PATCH	/user	undefined
20241114	07:23:21	DELETE	/user	undefined
20241114	20:40:57	POST	/auth/signup	undefined
20241114	20:43:38	POST	/auth/signup	undefined
20241114	20:43:59	POST	/auth/signup	undefined
20241114	20:48:25	POST	/auth/login	undefined
20241117	18:35:18	GET	/user/all	undefined
20241117	18:35:45	GET	/user/	undefined
20241117	18:36:34	GET	/user/	undefined
20241117	18:36:41	GET	/user/all	undefined
20241117	18:37:08	GET	/user/all	undefined
20241117	18:37:17	GET	/user	undefined
20241117	18:38:37	GET	/user	undefined
20241117	18:39:41	GET	/user	undefined
20241117	18:40:57	GET	/user	undefined
20241117	18:41:20	PATCH	/user	undefined
20241117	20:33:41	OPTIONS	/auth/signup	http://localhost:5174
20241117	20:33:52	OPTIONS	/auth/signup	http://localhost:5174
20241117	20:35:24	PATCH	/auth/signup	undefined
20241117	20:35:47	POST	/auth/signup	undefined
20241117	20:37:06	POST	/auth/signup	undefined
20241117	20:37:15	OPTIONS	/auth/signup	http://localhost:5174
20241117	20:41:48	OPTIONS	/auth/signup	http://localhost:5174
20241117	20:41:55	OPTIONS	/auth/signup	http://localhost:5174
20241117	20:46:54	OPTIONS	/auth/signup	http://localhost:5174
20241117	20:49:32	POST	/auth/signup	http://localhost:5174
20241117	20:49:45	POST	/auth/signup	http://localhost:5174
20241117	20:50:46	POST	/auth/signup	http://localhost:5174
20241117	20:51:27	POST	/auth/signup	http://localhost:5174
20241117	20:51:34	POST	/auth/signup	http://localhost:5174
20241117	20:52:07	POST	/auth/signup	http://localhost:5174
20241117	20:53:21	POST	/auth/signup	undefined
20241117	20:54:57	POST	/auth/signup	http://localhost:5174
20241117	20:56:35	POST	/auth/signup	undefined
20241117	21:05:18	POST	/auth/signup	http://localhost:5174
20241117	21:10:01	POST	/auth/signup	http://localhost:5174
20241117	21:19:25	POST	/auth/signup	http://localhost:5174
20241117	21:19:31	POST	/auth/signup	http://localhost:5174
20241117	21:20:08	POST	/auth/signup	http://localhost:5174
20241117	21:21:08	POST	/auth/signup	http://localhost:5174
20241117	21:41:43	POST	/auth/login	http://localhost:5174
20241117	21:41:57	POST	/auth/login	http://localhost:5174
20241117	21:42:25	POST	/auth/login	http://localhost:5174
20241117	21:51:40	POST	/auth/signup	http://localhost:5174
20241117	21:54:04	POST	/auth/login	http://localhost:5174
20241117	21:55:29	POST	/auth/login	http://localhost:5174
20241117	21:55:54	POST	/auth/signup	http://localhost:5174
20241117	21:56:23	POST	/auth/signup	http://localhost:5174
20241117	21:57:20	POST	/auth/login	http://localhost:5174
20241117	21:57:26	POST	/auth/login	http://localhost:5174
20241117	22:02:58	POST	/auth/signup	http://localhost:5174
20241117	22:12:50	POST	/auth/login	http://localhost:5174
